modules/smara-native/android/build/intermediates/manifest_merge_blame_file/debug/processDebugManifest/manifest-merger-blame-debug-report.txt
1<?xml version="1.0" encoding="utf-8"?>
2<manifest xmlns:android="http://schemas.android.com/apk/res/android"
3    package="expo.modules.smaranative" >
4
5    <uses-sdk android:minSdkVersion="24" />
6
7    <application>
7-->src/main/AndroidManifest.xml:4:3-15:17
8        <activity
8-->src/main/AndroidManifest.xml:5:5-14:16
9            android:name="expo.modules.smaranative.SmaraActivity"
9-->src/main/AndroidManifest.xml:5:15-44
10            android:exported="true"
10-->src/main/AndroidManifest.xml:6:9-32
11            android:label="Save to Smara"
11-->src/main/AndroidManifest.xml:7:9-38
12            android:theme="@android:style/Theme.Translucent.NoTitleBar" >
12-->src/main/AndroidManifest.xml:8:9-68
13            <intent-filter>
13-->src/main/AndroidManifest.xml:9:7-13:23
14                <action android:name="android.intent.action.PROCESS_TEXT" />
14-->src/main/AndroidManifest.xml:10:9-69
14-->src/main/AndroidManifest.xml:10:17-66
15
16                <category android:name="android.intent.category.DEFAULT" />
16-->src/main/AndroidManifest.xml:11:9-68
16-->src/main/AndroidManifest.xml:11:19-65
17
18                <data android:mimeType="text/plain" />
18-->src/main/AndroidManifest.xml:12:9-47
18-->src/main/AndroidManifest.xml:12:15-44
19            </intent-filter>
20        </activity>
21    </application>
22
23</manifest>